<?xml version="1.0" encoding="UTF-8"?>
<!-- Generated by org.testng.reporters.JUnitXMLReporter -->
<testsuite ignored="0" hostname="DESKTOP-C3AP22E" failures="3" tests="4" name="Test" time="45.16" errors="0" timestamp="2026-02-25T05:35:38 IST">
  <testcase classname="tests.MobileAddToCart_TC_01" name="MobileClickAndMsgAssert" time="7.129"/>
  <testcase classname="tests.MobileAddToCart_TC_01" name="ClickedOn3rdMobile" time="8.216">
    <failure type="java.lang.AssertionError" message="expected [Motorola G57 Power 5G (Fluidity, 8GB RAM, 128GB Storage)| Snapdragon 6s Gen 4 Processor | 6.72&amp;quot; FHD+ Display | 50MP LYT-600 + 8MP Ultrawide | 8MP Selfie Camera | 7000mAh Battery, 33W TurboPowe | IP64] but found [Motorola G57 Power 5G (Fluidity, 8GB RAM, 128GB Storage)| Snapdragon 6s Gen 4 Processor | 6.72&amp;quot; FHD+ Display | 50MP LYT-600 + 8MP Ultrawide | 8MP Selfie Camera | 7000mAh Battery, 33W TurboPower | IP64]">
      <![CDATA[java.lang.AssertionError: expected [Motorola G57 Power 5G (Fluidity, 8GB RAM, 128GB Storage)| Snapdragon 6s Gen 4 Processor | 6.72" FHD+ Display | 50MP LYT-600 + 8MP Ultrawide | 8MP Selfie Camera | 7000mAh Battery, 33W TurboPowe | IP64] but found [Motorola G57 Power 5G (Fluidity, 8GB RAM, 128GB Storage)| Snapdragon 6s Gen 4 Processor | 6.72" FHD+ Display | 50MP LYT-600 + 8MP Ultrawide | 8MP Selfie Camera | 7000mAh Battery, 33W TurboPower | IP64]
at Utilities.AsserionsClass.assertionString(AsserionsClass.java:15)
at pages.MobileSectionPage.AssertClickOnThirdMobile(MobileSectionPage.java:56)
at tests.MobileAddToCart_TC_01.ClickedOn3rdMobile(MobileAddToCart_TC_01.java:35)
at java.base/java.util.ArrayList.forEach(ArrayList.java:1604)
... Removed 31 stack frames]]>
    </failure>
  </testcase> <!-- ClickedOn3rdMobile -->
  <testcase classname="tests.MobileAddToCart_TC_01" name="AddtToCartButton" time="7.012">
    <failure type="java.lang.NullPointerException" message="Cannot invoke &amp;quot;org.openqa.selenium.JavascriptExecutor.executeScript(String, Object[])&amp;quot; because &amp;quot;Utilities.javaScriptExecuterClass.js&amp;quot; is null">
      <![CDATA[java.lang.NullPointerException: Cannot invoke "org.openqa.selenium.JavascriptExecutor.executeScript(String, Object[])" because "Utilities.javaScriptExecuterClass.js" is null
at Utilities.javaScriptExecuterClass.ScrollByPixel(javaScriptExecuterClass.java:14)
at pages.ClickedMobilePage.ScrollTillCartButtonVisible(ClickedMobilePage.java:23)
at pages.ClickedMobilePage.AddToCartButton(ClickedMobilePage.java:28)
at tests.MobileAddToCart_TC_01.AddtToCartButton(MobileAddToCart_TC_01.java:48)
at java.base/java.util.ArrayList.forEach(ArrayList.java:1604)
... Removed 25 stack frames]]>
    </failure>
  </testcase> <!-- AddtToCartButton -->
  <testcase classname="tests.MobileAddToCart_TC_01" name="BargainPage" time="7.184">
    <failure type="java.lang.NullPointerException" message="Cannot invoke &amp;quot;org.openqa.selenium.JavascriptExecutor.executeScript(String, Object[])&amp;quot; because &amp;quot;Utilities.javaScriptExecuterClass.js&amp;quot; is null">
      <![CDATA[java.lang.NullPointerException: Cannot invoke "org.openqa.selenium.JavascriptExecutor.executeScript(String, Object[])" because "Utilities.javaScriptExecuterClass.js" is null
at Utilities.javaScriptExecuterClass.ScrollByPixel(javaScriptExecuterClass.java:14)
at pages.ClickedMobilePage.ScrollTillCartButtonVisible(ClickedMobilePage.java:23)
at pages.ClickedMobilePage.AddToCartButton(ClickedMobilePage.java:28)
at tests.MobileAddToCart_TC_01.BargainPage(MobileAddToCart_TC_01.java:61)
at java.base/java.util.ArrayList.forEach(ArrayList.java:1604)
... Removed 25 stack frames]]>
    </failure>
  </testcase> <!-- BargainPage -->
</testsuite> <!-- Test -->
