<?xml version="1.0" encoding="UTF-8"?>
<!-- Generated by org.testng.reporters.JUnitXMLReporter -->
<testsuite ignored="6" hostname="DESKTOP-C3AP22E" failures="0" tests="1" name="Default test" time="147.924" errors="0" timestamp="2026-02-25T08:13:44 IST">
  <testcase classname="tests.MobileAddToCart_TC_01" name="ProceedToPayTillPayment" time="94.394"/>
  <testcase classname="tests.MobileAddToCart_TC_01" name="BargainPage" time="0.0">
    <ignored/>
  </testcase> <!-- BargainPage -->
  <testcase classname="tests.MobileAddToCart_TC_01" name="AddtToCartButton" time="0.0">
    <ignored/>
  </testcase> <!-- AddtToCartButton -->
  <testcase classname="tests.MobileAddToCart_TC_01" name="BargainThingsAddedInCart" time="0.0">
    <ignored/>
  </testcase> <!-- BargainThingsAddedInCart -->
  <testcase classname="tests.MobileAddToCart_TC_01" name="ClickedOn3rdMobile" time="0.0">
    <ignored/>
  </testcase> <!-- ClickedOn3rdMobile -->
  <testcase classname="tests.MobileAddToCart_TC_01" name="MobileClickAndMsgAssert" time="0.0">
    <ignored/>
  </testcase> <!-- MobileClickAndMsgAssert -->
  <testcase classname="tests.MobileAddToCart_TC_01" name="AddToCartPageHeadingAssert" time="0.0">
    <ignored/>
  </testcase> <!-- AddToCartPageHeadingAssert -->
</testsuite> <!-- Default test -->
