<?xml version="1.0" encoding="UTF-8"?>
<testng-results ignored="6" total="7" passed="1" failed="0" skipped="0">
  <reporter-output>
  </reporter-output>
  <suite started-at="2026-02-25T08:11:16 IST" name="Default suite" finished-at="2026-02-25T08:13:44 IST" duration-ms="147924">
    <groups>
    </groups>
    <test started-at="2026-02-25T08:11:16 IST" name="Default test" finished-at="2026-02-25T08:13:44 IST" duration-ms="147924">
      <class name="tests.MobileAddToCart_TC_01">
        <test-method is-config="true" signature="setUp()[pri:0, instance:tests.MobileAddToCart_TC_01@52bf72b5]" started-at="2026-02-25T08:11:16 IST" name="setUp" finished-at="2026-02-25T08:12:09 IST" duration-ms="53081" status="PASS">
          <reporter-output>
          </reporter-output>
        </test-method> <!-- setUp -->
        <test-method signature="ProceedToPayTillPayment()[pri:5, instance:tests.MobileAddToCart_TC_01@52bf72b5]" started-at="2026-02-25T08:12:09 IST" name="ProceedToPayTillPayment" finished-at="2026-02-25T08:13:44 IST" duration-ms="94394" status="PASS">
          <reporter-output>
          </reporter-output>
        </test-method> <!-- ProceedToPayTillPayment -->
        <test-method is-config="true" signature="tearDown()[pri:0, instance:tests.MobileAddToCart_TC_01@52bf72b5]" started-at="2026-02-25T08:13:44 IST" name="tearDown" finished-at="2026-02-25T08:13:44 IST" duration-ms="365" status="PASS">
          <reporter-output>
          </reporter-output>
        </test-method> <!-- tearDown -->
      </class> <!-- tests.MobileAddToCart_TC_01 -->
    </test> <!-- Default test -->
  </suite> <!-- Default suite -->
</testng-results>
